<?xml version="1.0" encoding="UTF-8"?>
<!-- Generated by org.testng.reporters.JUnitXMLReporter -->
<testsuite hostname="innovationteam-ThinkPad-T440p" name="Default test" tests="6" failures="0" timestamp="9 Nov 2018 19:46:57 GMT" time="11.931" errors="0">
  <testcase name="testGetTenantConfigResponse" time="3.247" classname="zytest.custonboardapp.tests.TemplateUploadTest"/>
  <testcase name="validateXlsTemplate" time="0.25" classname="zytest.custonboardapp.tests.TemplateUploadTest"/>
  <testcase name="testUploadXlsErrorCase" time="2.478" classname="zytest.custonboardapp.tests.TemplateUploadTest"/>
  <testcase name="testCreateCustomer" time="2.023" classname="zytest.custonboardapp.tests.TemplateUploadTest"/>
  <testcase name="testUploadXlsPositiveCase" time="1.85" classname="zytest.custonboardapp.tests.TemplateUploadTest"/>
  <testcase name="testGetTenantConfig" time="2.057" classname="zytest.custonboardapp.tests.TemplateUploadTest"/>
</testsuite> <!-- Default test -->
